<testsuites id="" name="" tests="6" failures="6" skipped="0" errors="0" time="22.051651999999997">
<testsuite name="calendar-transparency.spec.ts" timestamp="2025-09-13T19:41:14.948Z" hostname="chromium" tests="1" failures="1" skipped="0" time="7.681" errors="0">
<testcase name="Calendar Transparency Debug › should login and inspect calendar UI in reservations dashboard" classname="calendar-transparency.spec.ts" time="7.681">
<failure message="calendar-transparency.spec.ts:4:7 should login and inspect calendar UI in reservations dashboard" type="FAILURE">
<![CDATA[  [chromium] › calendar-transparency.spec.ts:4:7 › Calendar Transparency Debug › should login and inspect calendar UI in reservations dashboard 

    Error: expect(locator).toContainText(expected) failed

    Locator: locator('h1')
    Expected string: "Panel de Administración"
    Received: <element(s) not found>
    Timeout: 5000ms

    Call log:
      - Expect "toContainText" with timeout 5000ms
      - waiting for locator('h1')


       7 |
       8 |     // Wait for page to load
    >  9 |     await expect(page.locator('h1')).toContainText('Panel de Administración')
         |                                      ^
      10 |
      11 |     // Fill in admin credentials
      12 |     await page.fill('input[type="email"]', 'admin@enigmaconalma.com')
        at /Users/lr0y/local-ai-packaged/enigma-next/enigma-app/tests/calendar-transparency.spec.ts:9:38

    attachment #1: screenshot (image/png) ──────────────────────────────────────────────────────────
    ../test-results/calendar-transparency-Cale-b7298-I-in-reservations-dashboard-chromium/test-failed-1.png
    ────────────────────────────────────────────────────────────────────────────────────────────────

    attachment #2: video (video/webm) ──────────────────────────────────────────────────────────────
    ../test-results/calendar-transparency-Cale-b7298-I-in-reservations-dashboard-chromium/video.webm
    ────────────────────────────────────────────────────────────────────────────────────────────────

    Error Context: ../test-results/calendar-transparency-Cale-b7298-I-in-reservations-dashboard-chromium/error-context.md
]]>
</failure>
<system-out>
<![CDATA[
[[ATTACHMENT|../test-results/calendar-transparency-Cale-b7298-I-in-reservations-dashboard-chromium/test-failed-1.png]]

[[ATTACHMENT|../test-results/calendar-transparency-Cale-b7298-I-in-reservations-dashboard-chromium/video.webm]]

[[ATTACHMENT|../test-results/calendar-transparency-Cale-b7298-I-in-reservations-dashboard-chromium/error-context.md]]
]]>
</system-out>
</testcase>
</testsuite>
<testsuite name="calendar-transparency.spec.ts" timestamp="2025-09-13T19:41:14.948Z" hostname="firefox" tests="1" failures="1" skipped="0" time="10.717" errors="0">
<testcase name="Calendar Transparency Debug › should login and inspect calendar UI in reservations dashboard" classname="calendar-transparency.spec.ts" time="10.717">
<failure message="calendar-transparency.spec.ts:4:7 should login and inspect calendar UI in reservations dashboard" type="FAILURE">
<![CDATA[  [firefox] › calendar-transparency.spec.ts:4:7 › Calendar Transparency Debug › should login and inspect calendar UI in reservations dashboard 

    Error: expect(locator).toContainText(expected) failed

    Locator: locator('h1')
    Expected string: "Panel de Administración"
    Received: <element(s) not found>
    Timeout: 5000ms

    Call log:
      - Expect "toContainText" with timeout 5000ms
      - waiting for locator('h1')


       7 |
       8 |     // Wait for page to load
    >  9 |     await expect(page.locator('h1')).toContainText('Panel de Administración')
         |                                      ^
      10 |
      11 |     // Fill in admin credentials
      12 |     await page.fill('input[type="email"]', 'admin@enigmaconalma.com')
        at /Users/lr0y/local-ai-packaged/enigma-next/enigma-app/tests/calendar-transparency.spec.ts:9:38

    attachment #1: screenshot (image/png) ──────────────────────────────────────────────────────────
    ../test-results/calendar-transparency-Cale-b7298-I-in-reservations-dashboard-firefox/test-failed-1.png
    ────────────────────────────────────────────────────────────────────────────────────────────────

    attachment #2: video (video/webm) ──────────────────────────────────────────────────────────────
    ../test-results/calendar-transparency-Cale-b7298-I-in-reservations-dashboard-firefox/video.webm
    ────────────────────────────────────────────────────────────────────────────────────────────────

    Error Context: ../test-results/calendar-transparency-Cale-b7298-I-in-reservations-dashboard-firefox/error-context.md
]]>
</failure>
<system-out>
<![CDATA[
[[ATTACHMENT|../test-results/calendar-transparency-Cale-b7298-I-in-reservations-dashboard-firefox/test-failed-1.png]]

[[ATTACHMENT|../test-results/calendar-transparency-Cale-b7298-I-in-reservations-dashboard-firefox/video.webm]]

[[ATTACHMENT|../test-results/calendar-transparency-Cale-b7298-I-in-reservations-dashboard-firefox/error-context.md]]
]]>
</system-out>
</testcase>
</testsuite>
<testsuite name="calendar-transparency.spec.ts" timestamp="2025-09-13T19:41:14.948Z" hostname="webkit" tests="1" failures="1" skipped="0" time="8.883" errors="0">
<testcase name="Calendar Transparency Debug › should login and inspect calendar UI in reservations dashboard" classname="calendar-transparency.spec.ts" time="8.883">
<failure message="calendar-transparency.spec.ts:4:7 should login and inspect calendar UI in reservations dashboard" type="FAILURE">
<![CDATA[  [webkit] › calendar-transparency.spec.ts:4:7 › Calendar Transparency Debug › should login and inspect calendar UI in reservations dashboard 

    Error: expect(locator).toContainText(expected) failed

    Locator: locator('h1')
    Expected string: "Panel de Administración"
    Received: <element(s) not found>
    Timeout: 5000ms

    Call log:
      - Expect "toContainText" with timeout 5000ms
      - waiting for locator('h1')


       7 |
       8 |     // Wait for page to load
    >  9 |     await expect(page.locator('h1')).toContainText('Panel de Administración')
         |                                      ^
      10 |
      11 |     // Fill in admin credentials
      12 |     await page.fill('input[type="email"]', 'admin@enigmaconalma.com')
        at /Users/lr0y/local-ai-packaged/enigma-next/enigma-app/tests/calendar-transparency.spec.ts:9:38

    attachment #1: screenshot (image/png) ──────────────────────────────────────────────────────────
    ../test-results/calendar-transparency-Cale-b7298-I-in-reservations-dashboard-webkit/test-failed-1.png
    ────────────────────────────────────────────────────────────────────────────────────────────────

    attachment #2: video (video/webm) ──────────────────────────────────────────────────────────────
    ../test-results/calendar-transparency-Cale-b7298-I-in-reservations-dashboard-webkit/video.webm
    ────────────────────────────────────────────────────────────────────────────────────────────────

    Error Context: ../test-results/calendar-transparency-Cale-b7298-I-in-reservations-dashboard-webkit/error-context.md
]]>
</failure>
<system-out>
<![CDATA[
[[ATTACHMENT|../test-results/calendar-transparency-Cale-b7298-I-in-reservations-dashboard-webkit/test-failed-1.png]]

[[ATTACHMENT|../test-results/calendar-transparency-Cale-b7298-I-in-reservations-dashboard-webkit/video.webm]]

[[ATTACHMENT|../test-results/calendar-transparency-Cale-b7298-I-in-reservations-dashboard-webkit/error-context.md]]
]]>
</system-out>
</testcase>
</testsuite>
<testsuite name="calendar-transparency.spec.ts" timestamp="2025-09-13T19:41:14.948Z" hostname="Mobile Chrome" tests="1" failures="1" skipped="0" time="8.715" errors="0">
<testcase name="Calendar Transparency Debug › should login and inspect calendar UI in reservations dashboard" classname="calendar-transparency.spec.ts" time="8.715">
<failure message="calendar-transparency.spec.ts:4:7 should login and inspect calendar UI in reservations dashboard" type="FAILURE">
<![CDATA[  [Mobile Chrome] › calendar-transparency.spec.ts:4:7 › Calendar Transparency Debug › should login and inspect calendar UI in reservations dashboard 

    Error: expect(locator).toContainText(expected) failed

    Locator: locator('h1')
    Expected string: "Panel de Administración"
    Received: <element(s) not found>
    Timeout: 5000ms

    Call log:
      - Expect "toContainText" with timeout 5000ms
      - waiting for locator('h1')


       7 |
       8 |     // Wait for page to load
    >  9 |     await expect(page.locator('h1')).toContainText('Panel de Administración')
         |                                      ^
      10 |
      11 |     // Fill in admin credentials
      12 |     await page.fill('input[type="email"]', 'admin@enigmaconalma.com')
        at /Users/lr0y/local-ai-packaged/enigma-next/enigma-app/tests/calendar-transparency.spec.ts:9:38

    attachment #1: screenshot (image/png) ──────────────────────────────────────────────────────────
    ../test-results/calendar-transparency-Cale-b7298-I-in-reservations-dashboard-Mobile-Chrome/test-failed-1.png
    ────────────────────────────────────────────────────────────────────────────────────────────────

    attachment #2: video (video/webm) ──────────────────────────────────────────────────────────────
    ../test-results/calendar-transparency-Cale-b7298-I-in-reservations-dashboard-Mobile-Chrome/video.webm
    ────────────────────────────────────────────────────────────────────────────────────────────────

    Error Context: ../test-results/calendar-transparency-Cale-b7298-I-in-reservations-dashboard-Mobile-Chrome/error-context.md
]]>
</failure>
<system-out>
<![CDATA[
[[ATTACHMENT|../test-results/calendar-transparency-Cale-b7298-I-in-reservations-dashboard-Mobile-Chrome/test-failed-1.png]]

[[ATTACHMENT|../test-results/calendar-transparency-Cale-b7298-I-in-reservations-dashboard-Mobile-Chrome/video.webm]]

[[ATTACHMENT|../test-results/calendar-transparency-Cale-b7298-I-in-reservations-dashboard-Mobile-Chrome/error-context.md]]
]]>
</system-out>
</testcase>
</testsuite>
<testsuite name="calendar-transparency.spec.ts" timestamp="2025-09-13T19:41:14.948Z" hostname="Mobile Safari" tests="1" failures="1" skipped="0" time="6" errors="0">
<testcase name="Calendar Transparency Debug › should login and inspect calendar UI in reservations dashboard" classname="calendar-transparency.spec.ts" time="6">
<failure message="calendar-transparency.spec.ts:4:7 should login and inspect calendar UI in reservations dashboard" type="FAILURE">
<![CDATA[  [Mobile Safari] › calendar-transparency.spec.ts:4:7 › Calendar Transparency Debug › should login and inspect calendar UI in reservations dashboard 

    Error: expect(locator).toContainText(expected) failed

    Locator: locator('h1')
    Expected string: "Panel de Administración"
    Received: <element(s) not found>
    Timeout: 5000ms

    Call log:
      - Expect "toContainText" with timeout 5000ms
      - waiting for locator('h1')


       7 |
       8 |     // Wait for page to load
    >  9 |     await expect(page.locator('h1')).toContainText('Panel de Administración')
         |                                      ^
      10 |
      11 |     // Fill in admin credentials
      12 |     await page.fill('input[type="email"]', 'admin@enigmaconalma.com')
        at /Users/lr0y/local-ai-packaged/enigma-next/enigma-app/tests/calendar-transparency.spec.ts:9:38

    attachment #1: screenshot (image/png) ──────────────────────────────────────────────────────────
    ../test-results/calendar-transparency-Cale-b7298-I-in-reservations-dashboard-Mobile-Safari/test-failed-1.png
    ────────────────────────────────────────────────────────────────────────────────────────────────

    attachment #2: video (video/webm) ──────────────────────────────────────────────────────────────
    ../test-results/calendar-transparency-Cale-b7298-I-in-reservations-dashboard-Mobile-Safari/video.webm
    ────────────────────────────────────────────────────────────────────────────────────────────────

    Error Context: ../test-results/calendar-transparency-Cale-b7298-I-in-reservations-dashboard-Mobile-Safari/error-context.md
]]>
</failure>
<system-out>
<![CDATA[
[[ATTACHMENT|../test-results/calendar-transparency-Cale-b7298-I-in-reservations-dashboard-Mobile-Safari/test-failed-1.png]]

[[ATTACHMENT|../test-results/calendar-transparency-Cale-b7298-I-in-reservations-dashboard-Mobile-Safari/video.webm]]

[[ATTACHMENT|../test-results/calendar-transparency-Cale-b7298-I-in-reservations-dashboard-Mobile-Safari/error-context.md]]
]]>
</system-out>
</testcase>
</testsuite>
<testsuite name="calendar-transparency.spec.ts" timestamp="2025-09-13T19:41:14.948Z" hostname="Microsoft Edge" tests="1" failures="1" skipped="0" time="0.003" errors="0">
<testcase name="Calendar Transparency Debug › should login and inspect calendar UI in reservations dashboard" classname="calendar-transparency.spec.ts" time="0.003">
<failure message="calendar-transparency.spec.ts:4:7 should login and inspect calendar UI in reservations dashboard" type="FAILURE">
<![CDATA[  [Microsoft Edge] › calendar-transparency.spec.ts:4:7 › Calendar Transparency Debug › should login and inspect calendar UI in reservations dashboard 

    Error: browserType.launch: Chromium distribution 'msedge' is not found at /Applications/Microsoft Edge.app/Contents/MacOS/Microsoft Edge
    Run "npx playwright install msedge"
]]>
</failure>
</testcase>
</testsuite>
</testsuites>